TN:
SF:/Users/leslie/MyProjects/GitHub/MyWeb/parbat/lib/file/fileutil.js
FN:1,isExistFile
FN:5,(anonymous_1)
FN:9,(anonymous_2)
FNF:3
FNH:2
FNDA:0,isExistFile
FNDA:2,(anonymous_1)
FNDA:4,(anonymous_2)
DA:2,0
DA:5,1
DA:6,2
DA:9,1
DA:10,4
DA:11,2
DA:13,2
LF:7
LH:6
BRDA:10,0,0,2
BRDA:10,0,1,2
BRF:2
BRH:2
end_of_record
TN:
SF:/Users/leslie/MyProjects/GitHub/MyWeb/parbat/test/file/fileUtilTest.js
FN:21,(anonymous_0)
FN:22,(anonymous_1)
FN:23,(anonymous_2)
FN:27,(anonymous_3)
FN:34,(anonymous_4)
FN:35,(anonymous_5)
FN:36,(anonymous_6)
FNF:7
FNH:7
FNDA:1,(anonymous_0)
FNDA:1,(anonymous_1)
FNDA:1,(anonymous_2)
FNDA:1,(anonymous_3)
FNDA:1,(anonymous_4)
FNDA:1,(anonymous_5)
FNDA:1,(anonymous_6)
DA:17,1
DA:18,1
DA:21,1
DA:22,1
DA:23,1
DA:24,1
DA:25,1
DA:27,1
DA:28,1
DA:29,1
DA:34,1
DA:35,1
DA:36,1
DA:37,1
DA:38,1
LF:15
LH:15
BRF:0
BRH:0
end_of_record
